

Program CaseStats, run at Mon Apr 13 09:44:09 2009
==================================================


STAT TYPE: ARITHMETIC MEANS

Using ZERO when no storm exists at interp time

Performing rerandomization:

    n_rerand:       1000
    n_random_list:   200
    max_split:         7

Conditional properties:

                 Property name    Min-val    Max-val
                 seed_duration      0.000   3600.000


Using cases:  10  12  17  37  38  45  58  60  63  64  65  66  73  74  80
              81  84  85  86  87  89  90  91  93  96  97  98  99 100 101
             102 103 105 106 109 111 112 113 115 116 117 119 121 125 126
             127

                   Property name n_seed n_no_seed  stat_seed stat_no_seed diff_in_stats     % diff    Pfactor
                                 ====== =========  ========= ============ =============      =====    =======

Global properties
=================

                      cloud_base     22        24      1.104        0.491         0.613      124.8       94.8           
                    mixing_ratio     22        24     14.954       14.137         0.817        5.8       93.8           
                        temp_ccl     22        24     17.686       16.787         0.899        5.4       88.7           
                    deltat_500mb     22        24     -2.455       -1.842        -0.613      -33.3       12.8           
                          nscans     22        24      8.591        6.542         2.049       31.3       95.1           
                   seed_duration     22        24    722.727      500.000       222.727       44.5      100.0           
        duration_before_decision     22        24    849.273      883.708       -34.436       -3.9       40.8           
         duration_after_decision     22        24   2240.182     1483.833       756.348       51.0       97.9           
                    dbz_max_mean     22        24     49.557       48.449         1.108        2.3       75.6           
                     dbz_max_max     22        24     54.045       53.000         1.045        2.0       68.8           
                 dbz_max_max_roi     22        24     48.649       47.127         1.522        3.2       55.5           
                precip_flux_mean     22        24    496.812      544.520       -47.708       -8.8       46.6           
                 precip_flux_max     22        24    857.084     1142.987      -285.903      -25.0       44.8           
             precip_flux_max_roi     22        24   2889.518     5883.383     -2993.865      -50.9       46.6           
                     volume_mean     22        24    183.063      152.787        30.276       19.8       59.6           
                      volume_max     22        24    287.872      242.227        45.646       18.8       60.7           
                  volume_max_roi     22        24    648.726      431.772       216.954       50.2       83.6           
           volume_above_alt_mean     22        24     72.924       63.229         9.694       15.3       56.5           
            volume_above_alt_max     22        24    123.319      109.752        13.567       12.4       55.3           
        volume_above_alt_max_roi     22        24    312.262      181.056       131.207       72.5       79.8           
                       mass_mean     22        24    186.245      172.357        13.888        8.1       53.6           
                        mass_max     22        24    324.676      289.625        35.051       12.1       55.2           
                    mass_max_roi     22        24    983.750      638.278       345.472       54.1       79.7           
             mass_above_alt_mean     22        24     74.765       70.043         4.723        6.7       52.6           
              mass_above_alt_max     22        24    146.091      119.201        26.889       22.6       58.6           
          mass_above_alt_max_roi     22        24    562.487      291.242       271.245       93.1       82.1           
                       area_mean     22        24     58.082       49.309         8.773       17.8       62.7           
                        area_max     22        24     87.341       72.023        15.318       21.3       67.0           
                    area_max_roi     22        24    193.808      147.324        46.485       31.6       79.5           
              ht_of_dbz_max_mean     22        24      2.511        2.321         0.190        8.2       75.1           
               ht_of_dbz_max_max     22        24      4.034        3.562         0.472       13.2       81.4           
           ht_of_dbz_max_max_roi     22        24     11.932       10.796         1.135       10.5       60.5           
            refl_centroid_z_mean     22        24      2.591        2.353         0.239       10.1       89.0           
             refl_centroid_z_max     22        24      3.388        2.889         0.499       17.3       96.2           
         refl_centroid_z_max_roi     22        24      3.238        2.613         0.625       23.9       64.2           
    ht_max_minus_centroid_z_mean     22        24     -0.081       -0.032        -0.049     -154.4       35.2           
     ht_max_minus_centroid_z_max     22        24      0.898        0.955        -0.057       -6.0       44.2           
 ht_max_minus_centroid_z_max_roi     22        24     11.368       11.395        -0.027       -0.2       49.6           
                        top_mean     22        24      5.631        5.107         0.524       10.3       80.8           
                         top_max     22        24      6.932        6.250         0.682       10.9       78.2           
                     top_max_roi     22        24      9.225        6.547         2.678       40.9       78.7           
                    base_max_roi     22        24      0.340        1.572        -1.232      -78.4        5.0           
                             ATI     22        24     54.869       37.130        17.740       47.8       73.4           
                     precip_mass     22        24   1743.862     1747.555        -3.692       -0.2       50.1           
                            VCDI     22        24     -0.006        0.018        -0.025     -134.6       43.2           

Time series property: dbz_max
=============================

                     dbz_max@-15     22        24     26.445       25.554         0.891        3.5       54.7           
                     dbz_max@-10     22        24     30.718       31.362        -0.644       -2.1       46.5           
                     dbz_max@ -5     22        24     34.474       37.940        -3.465       -9.1       29.1           
                     dbz_max@  0     22        24     49.591       49.104         0.487        1.0       62.5           
                     dbz_max@  5     22        24     48.402       43.043         5.359       12.5       84.5           
                     dbz_max@ 10     22        24     42.749       34.640         8.109       23.4       88.2           
                     dbz_max@ 15     22        24     42.104       31.830        10.274       32.3       93.6           
                     dbz_max@ 20     22        24     41.203       31.187        10.016       32.1       93.6           
                     dbz_max@ 25     22        24     36.477       23.011        13.466       58.5       95.8           
                     dbz_max@ 30     22        24     28.772       18.603        10.169       54.7       89.5           
                     dbz_max@ 35     22        24     28.280       11.075        17.205      155.4       98.4           
                     dbz_max@ 40     22        24     24.022       10.764        13.258      123.2       95.0           
                     dbz_max@ 45     22        24     21.819        7.250        14.568      200.9       97.0           

Time series property: precip_flux
=================================

                 precip_flux@-15     22        24    306.020      349.532       -43.512      -12.4       44.0           
                 precip_flux@-10     22        24    335.228      383.790       -48.562      -12.7       43.2           
                 precip_flux@ -5     22        24    349.654      408.517       -58.864      -14.4       41.7           
                 precip_flux@  0     22        24    456.550      460.907        -4.356       -0.9       48.6           
                 precip_flux@  5     22        24    601.940      836.429      -234.489      -28.0       47.4           
                 precip_flux@ 10     22        24    617.956      599.154        18.802        3.1       50.8           
                 precip_flux@ 15     22        24    574.291      454.964       119.327       26.2       62.8           
                 precip_flux@ 20     22        24    521.535      474.274        47.261       10.0       52.9           
                 precip_flux@ 25     22        24    493.723      464.619        29.104        6.3       51.3           
                 precip_flux@ 30     22        24    507.039      409.087        97.952       23.9       58.4           
                 precip_flux@ 35     22        24    499.849      459.926        39.923        8.7       52.4           
                 precip_flux@ 40     22        24    485.511      457.732        27.779        6.1       51.5           
                 precip_flux@ 45     22        24    449.376      460.206       -10.830       -2.4       49.1           

Time series property: volume
============================

                      volume@-15     22        24     99.290      114.749       -15.459      -13.5       43.6           
                      volume@-10     22        24    117.808      119.426        -1.618       -1.4       49.5           
                      volume@ -5     22        24    136.610      124.416        12.194        9.8       55.0           
                      volume@  0     22        24    174.311      132.504        41.807       31.6       67.8           
                      volume@  5     22        24    196.123      137.614        58.509       42.5       73.9           
                      volume@ 10     22        24    211.247      131.297        79.950       60.9       78.0           
                      volume@ 15     22        24    211.865      127.576        84.290       66.1       77.5           
                      volume@ 20     22        24    201.935      127.865        74.069       57.9       73.2           
                      volume@ 25     22        24    191.339      124.794        66.545       53.3       69.6           
                      volume@ 30     22        24    187.872      122.343        65.530       53.6       68.9           
                      volume@ 35     22        24    188.161      127.552        60.609       47.5       66.6           
                      volume@ 40     22        24    177.275      135.515        41.760       30.8       60.8           
                      volume@ 45     22        24    166.869      140.836        26.032       18.5       55.1           

Time series property: mass
==========================

                        mass@-15     22        24    110.369      119.632        -9.262       -7.7       46.4           
                        mass@-10     22        24    122.441      125.085        -2.644       -2.1       48.9           
                        mass@ -5     22        24    131.468      128.674         2.794        2.2       50.5           
                        mass@  0     22        24    175.928      136.996        38.932       28.4       64.2           
                        mass@  5     22        24    226.223      140.584        85.639       60.9       77.8           
                        mass@ 10     22        24    235.360      137.685        97.675       70.9       78.3           
                        mass@ 15     22        24    221.876      141.310        80.566       57.0       73.4           
                        mass@ 20     22        24    200.199      154.041        46.158       30.0       60.9           
                        mass@ 25     22        24    184.183      165.712        18.471       11.1       52.5           
                        mass@ 30     22        24    189.075      164.542        24.533       14.9       54.2           
                        mass@ 35     22        24    188.212      172.973        15.239        8.8       52.4           
                        mass@ 40     22        24    184.106      180.739         3.367        1.9       50.5           
                        mass@ 45     22        24    176.819      184.278        -7.460       -4.0       49.4           

Time series property: area
==========================

                        area@-15     22        24     31.062       36.965        -5.903      -16.0       40.6           
                        area@-10     22        24     37.249       40.857        -3.607       -8.8       44.4           
                        area@ -5     22        24     43.691       44.157        -0.466       -1.1       48.7           
                        area@  0     22        24     54.690       48.867         5.823       11.9       58.2           
                        area@  5     22        24     60.155       51.942         8.214       15.8       60.1           
                        area@ 10     22        24     64.512       49.331        15.181       30.8       69.5           
                        area@ 15     22        24     65.221       45.260        19.961       44.1       75.2           
                        area@ 20     22        24     63.352       41.046        22.307       54.3       76.0           
                        area@ 25     22        24     61.131       35.154        25.976       73.9       80.2           
                        area@ 30     22        24     58.678       30.302        28.377       93.6       82.4           
                        area@ 35     22        24     58.785       30.296        28.489       94.0       81.4           
                        area@ 40     22        24     54.398       31.623        22.775       72.0       75.3           
                        area@ 45     22        24     49.927       32.561        17.367       53.3       69.9           

Time series property: ht_of_dbz_max
===================================

               ht_of_dbz_max@-15     22        24      1.420        1.344         0.077        5.7       55.9           
               ht_of_dbz_max@-10     22        24      1.397        1.603        -0.206      -12.9       32.6           
               ht_of_dbz_max@ -5     22        24      1.710        1.954        -0.244      -12.5       27.2           
               ht_of_dbz_max@  0     22        24      2.977        2.250         0.727       32.3       95.9           
               ht_of_dbz_max@  5     22        24      2.408        2.102         0.306       14.5       72.3           
               ht_of_dbz_max@ 10     22        24      1.898        1.630         0.268       16.4       71.4           
               ht_of_dbz_max@ 15     22        24      2.062        1.594         0.468       29.3       84.2           
               ht_of_dbz_max@ 20     22        24      2.124        1.604         0.520       32.4       87.9           
               ht_of_dbz_max@ 25     22        24      1.603        0.865         0.738       85.3       97.4           
               ht_of_dbz_max@ 30     22        24      1.501        0.750         0.750      100.1       94.3           
               ht_of_dbz_max@ 35     22        24      1.558        0.583         0.974      167.0       97.7           
               ht_of_dbz_max@ 40     22        24      1.295        0.500         0.795      159.0       96.6           
               ht_of_dbz_max@ 45     22        24      1.193        0.360         0.833      231.8       97.7           

Time series property: refl_centroid_z
=====================================

             refl_centroid_z@-15     22        24      1.429        1.291         0.137       10.6       62.1           
             refl_centroid_z@-10     22        24      1.507        1.555        -0.048       -3.1       46.1           
             refl_centroid_z@ -5     22        24      1.786        1.890        -0.104       -5.5       40.1           
             refl_centroid_z@  0     22        24      2.917        2.391         0.526       22.0       98.2           
             refl_centroid_z@  5     22        24      2.484        1.964         0.520       26.5       94.7           
             refl_centroid_z@ 10     22        24      2.051        1.608         0.443       27.5       89.7           
             refl_centroid_z@ 15     22        24      2.017        1.562         0.455       29.1       89.3           
             refl_centroid_z@ 20     22        24      1.987        1.544         0.443       28.7       87.9           
             refl_centroid_z@ 25     22        24      1.734        1.002         0.731       73.0       97.1           
             refl_centroid_z@ 30     22        24      1.443        0.830         0.613       73.8       92.5           
             refl_centroid_z@ 35     22        24      1.440        0.528         0.912      172.7       98.7           
             refl_centroid_z@ 40     22        24      1.234        0.495         0.739      149.2       96.0           
             refl_centroid_z@ 45     22        24      1.158        0.362         0.796      219.7       97.4           

Time series property: ht_max_minus_centroid_z
=============================================

     ht_max_minus_centroid_z@-15     22        24     -0.008        0.052        -0.060     -115.4       26.1           
     ht_max_minus_centroid_z@-10     22        24     -0.110        0.049        -0.159     -326.1        7.3           
     ht_max_minus_centroid_z@ -5     22        24     -0.076        0.065        -0.141     -216.8       13.2           
     ht_max_minus_centroid_z@  0     22        24      0.060       -0.141         0.201      142.9       77.3           
     ht_max_minus_centroid_z@  5     22        24     -0.076        0.138        -0.215     -155.0       28.4           
     ht_max_minus_centroid_z@ 10     22        24     -0.153        0.023        -0.175     -774.6       28.0           
     ht_max_minus_centroid_z@ 15     22        24      0.045        0.033         0.013       38.7       52.2           
     ht_max_minus_centroid_z@ 20     22        24      0.137        0.060         0.077      130.0       66.8           
     ht_max_minus_centroid_z@ 25     22        24     -0.131       -0.138         0.006        4.7       50.9           
     ht_max_minus_centroid_z@ 30     22        24      0.057       -0.080         0.138      171.3       83.8           
     ht_max_minus_centroid_z@ 35     22        24      0.118        0.055         0.062      113.2       63.5           
     ht_max_minus_centroid_z@ 40     22        24      0.061        0.005         0.056     1185.4       69.9           
     ht_max_minus_centroid_z@ 45     22        24      0.034       -0.003         0.037     1295.7       62.7           

Time series property: volume_above_alt
======================================

            volume_above_alt@-15     22        24     42.995       47.563        -4.568       -9.6       45.8           
            volume_above_alt@-10     22        24     50.107       47.109         2.998        6.4       53.8           
            volume_above_alt@ -5     22        24     58.024       46.878        11.147       23.8       59.6           
            volume_above_alt@  0     22        24     75.752       45.539        30.213       66.3       76.9           
            volume_above_alt@  5     22        24     86.084       48.293        37.791       78.3       79.7           
            volume_above_alt@ 10     22        24     88.662       46.972        41.691       88.8       79.0           
            volume_above_alt@ 15     22        24     82.853       48.857        33.997       69.6       74.2           
            volume_above_alt@ 20     22        24     75.318       54.092        21.226       39.2       62.4           
            volume_above_alt@ 25     22        24     72.793       58.283        14.510       24.9       57.1           
            volume_above_alt@ 30     22        24     74.661       61.922        12.739       20.6       56.8           
            volume_above_alt@ 35     22        24     72.480       66.151         6.329        9.6       53.2           
            volume_above_alt@ 40     22        24     70.057       71.493        -1.436       -2.0       49.9           
            volume_above_alt@ 45     22        24     68.453       74.952        -6.499       -8.7       49.2           

Time series property: mass_above_alt
====================================

              mass_above_alt@-15     22        24     49.571       46.251         3.320        7.2       54.2           
              mass_above_alt@-10     22        24     51.271       47.745         3.526        7.4       53.7           
              mass_above_alt@ -5     22        24     55.308       46.900         8.408       17.9       57.4           
              mass_above_alt@  0     22        24     82.402       48.940        33.463       68.4       73.4           
              mass_above_alt@  5     22        24    106.995       51.395        55.600      108.2       84.2           
              mass_above_alt@ 10     22        24     98.234       51.964        46.269       89.0       79.1           
              mass_above_alt@ 15     22        24     85.291       59.118        26.173       44.3       64.1           
              mass_above_alt@ 20     22        24     75.335       72.124         3.211        4.5       51.3           
              mass_above_alt@ 25     22        24     69.329       82.135       -12.807      -15.6       49.2           
              mass_above_alt@ 30     22        24     77.981       78.612        -0.631       -0.8       49.8           
              mass_above_alt@ 35     22        24     72.940       83.025       -10.084      -12.1       48.1           
              mass_above_alt@ 40     22        24     72.751       84.807       -12.056      -14.2       48.7           
              mass_above_alt@ 45     22        24     71.355       86.260       -14.904      -17.3       48.4           

Time series property: ATI
=========================

                         ATI@-15     22        24      0.000        0.000         0.000        0.0                      
                         ATI@-10     22        24      0.000        0.000         0.000        0.0                      
                         ATI@ -5     22        24      0.410        0.401         0.009        2.2       50.6           
                         ATI@  0     22        24      2.729        2.462         0.267       10.8       57.5           
                         ATI@  5     22        24      7.829        6.790         1.039       15.3       59.9           
                         ATI@ 10     22        24     13.137       10.649         2.488       23.4       65.7           
                         ATI@ 15     22        24     18.548       14.323         4.225       29.5       68.9           
                         ATI@ 20     22        24     23.795       17.635         6.161       34.9       71.3           
                         ATI@ 25     22        24     28.426       19.202         9.224       48.0       75.0           
                         ATI@ 30     22        24     32.007       20.354        11.652       57.2       75.9           
                         ATI@ 35     22        24     36.899       18.910        17.989       95.1       82.2           
                         ATI@ 40     22        24     39.481       21.563        17.918       83.1       79.8           
                         ATI@ 45     22        24     41.701       21.663        20.037       92.5       79.4           

Time series property: VCDI
==========================

                        VCDI@-15     22        24      0.000        0.000         0.000        0.0                      
                        VCDI@-10     22        24      0.000        0.000         0.000        0.0                      
                        VCDI@ -5     22        24     -0.000       -0.000         0.000       17.9       50.3           
                        VCDI@  0     22        24      0.003       -0.008         0.011      140.0       79.8           
                        VCDI@  5     22        24     -0.005        0.010        -0.015     -146.0       36.2           
                        VCDI@ 10     22        24     -0.013        0.011        -0.024     -214.3       36.3           
                        VCDI@ 15     22        24     -0.005        0.014        -0.019     -137.9       43.1           
                        VCDI@ 20     22        24      0.004        0.017        -0.014      -79.5       45.4           
                        VCDI@ 25     22        24     -0.001        0.028        -0.029     -104.6       40.5           
                        VCDI@ 30     22        24      0.020        0.030        -0.010      -34.1       47.7           
                        VCDI@ 35     22        24      0.031        0.060        -0.029      -48.9       42.3           
                        VCDI@ 40     22        24      0.038        0.060        -0.022      -36.5       45.0           
                        VCDI@ 45     22        24      0.050        0.056        -0.006       -9.9       50.2           

Time series property: precip_mass
=================================

                 precip_mass@-15     22        24      0.000        0.000         0.000        0.0                      
                 precip_mass@-10     22        24      0.000        0.000         0.000        0.0                      
                 precip_mass@ -5     22        24     12.771       13.843        -1.072       -7.7       45.4           
                 precip_mass@  0     22        24     81.997       83.558        -1.561       -1.9       48.3           
                 precip_mass@  5     22        24    271.367      356.705       -85.338      -23.9       47.0           
                 precip_mass@ 10     22        24    453.888      512.653       -58.766      -11.5       48.3           
                 precip_mass@ 15     22        24    623.744      648.677       -24.934       -3.8       49.1           
                 precip_mass@ 20     22        24    779.041      789.609       -10.568       -1.3       49.8           
                 precip_mass@ 25     22        24    919.373      896.765        22.607        2.5       50.8           
                 precip_mass@ 30     22        24   1040.854      981.045        59.809        6.1       51.2           
                 precip_mass@ 35     22        24   1190.167     1037.533       152.634       14.7       53.2           
                 precip_mass@ 40     22        24   1282.148     1174.000       108.148        9.2       52.0           
                 precip_mass@ 45     22        24   1386.591     1264.171       122.421        9.7       52.2           


